#
# There is insufficient memory for the Java Runtime Environment to continue.
# Native memory allocation (mmap) failed to map 125829120 bytes for G1 virtual space
# Possible reasons:
#   The system is out of physical RAM or swap space
#   The process is running with CompressedOops enabled, and the Java Heap may be blocking the growth of the native heap
# Possible solutions:
#   Reduce memory load on the system
#   Increase physical memory or swap space
#   Check if swap backing store is full
#   Decrease Java heap size (-Xmx/-Xms)
#   Decrease number of Java threads
#   Decrease Java thread stack sizes (-Xss)
#   Set larger code cache with -XX:ReservedCodeCacheSize=
#   JVM is running with Unscaled Compressed Oops mode in which the Java heap is
#     placed in the first 4GB address space. The Java Heap base address is the
#     maximum limit for the native heap growth. Please use -XX:HeapBaseMinAddress
#     to set the Java Heap base and to place the Java Heap above 4GB virtual address.
# This output file may be truncated or incomplete.
#
#  Out of Memory Error (os_windows.cpp:3466), pid=20176, tid=8412
#
# JRE version:  (16.0.2+7) (build )
# Java VM: OpenJDK 64-Bit Server VM (16.0.2+7-67, mixed mode, sharing, tiered, compressed oops, compressed class ptrs, g1 gc, windows-amd64)
# No core dump will be written. Minidumps are not enabled by default on client versions of Windows
#

---------------  S U M M A R Y ------------

Command Line: -Dfile.encoding=Cp1252 -XX:+ShowCodeDetailsInExceptionMessages org.jgrapht.demo.RedBlackTreeExample

Host: AMD Ryzen 7 4800H with Radeon Graphics         , 16 cores, 7G,  Windows 10 , 64 bit Build 22000 (10.0.22000.318)
Time: Fri Dec 24 13:21:42 2021 GTB Standard Time elapsed time: 0.008998 seconds (0d 0h 0m 0s)

---------------  T H R E A D  ---------------

Current thread (0x000001471d1fe5e0):  JavaThread "Unknown thread" [_thread_in_vm, id=8412, stack(0x0000002f6a400000,0x0000002f6a500000)]

Stack: [0x0000002f6a400000,0x0000002f6a500000]
Native frames: (J=compiled Java code, j=interpreted, Vv=VM code, C=native code)
V  [jvm.dll+0x6681ca]
V  [jvm.dll+0x7c9e69]
V  [jvm.dll+0x7cb61e]
V  [jvm.dll+0x7cbc73]
V  [jvm.dll+0x242c55]
V  [jvm.dll+0x664f89]
V  [jvm.dll+0x659b75]
V  [jvm.dll+0x2fbfbb]
V  [jvm.dll+0x3031b6]
V  [jvm.dll+0x35299e]
V  [jvm.dll+0x352bcf]
V  [jvm.dll+0x2d3028]
V  [jvm.dll+0x2d4264]
V  [jvm.dll+0x79c741]
V  [jvm.dll+0x360791]
V  [jvm.dll+0x77a3f0]
V  [jvm.dll+0x3e4e8f]
V  [jvm.dll+0x3e6961]
C  [jli.dll+0x52fb]
C  [ucrtbase.dll+0x26c0c]
C  [KERNEL32.DLL+0x154e0]
C  [ntdll.dll+0x485b]


---------------  P R O C E S S  ---------------

Threads class SMR info:
_java_thread_list=0x00007ffe0800cbb8, length=0, elements={
}

Java Threads: ( => current thread )

Other Threads:
  0x000001471d23ba90 GCTaskThread "GC Thread#0" [stack: 0x0000002f6a500000,0x0000002f6a600000] [id=24696]
  0x000001471d24d000 ConcurrentGCThread "G1 Main Marker" [stack: 0x0000002f6a600000,0x0000002f6a700000] [id=3060]
  0x000001471d24da70 ConcurrentGCThread "G1 Conc#0" [stack: 0x0000002f6a700000,0x0000002f6a800000] [id=21948]

[error occurred during error reporting (printing all threads), id 0xc0000005, EXCEPTION_ACCESS_VIOLATION (0xc0000005) at pc=0x00007ffe077e3ee7]

VM state: not at safepoint (not fully initialized)

VM Mutex/Monitor currently owned by a thread:  ([mutex/lock_event])
[0x000001471d1f9940] Heap_lock - owner thread: 0x000001471d1fe5e0

Heap address: 0x0000000089400000, size: 1900 MB, Compressed Oops mode: 32-bit

CDS archive(s) mapped at: [0x0000000000000000-0x0000000000000000-0x0000000000000000), size 0, SharedBaseAddress: 0x0000000800000000, ArchiveRelocationMode: 0.
Narrow klass base: 0x0000000000000000, Narrow klass shift: 0, Narrow klass range: 0x0

GC Precious Log:
<Empty>

Heap:
 garbage-first heap   total 0K, used 0K [0x0000000089400000, 0x0000000100000000)
  region size 1024K, 0 young (0K), 0 survivors (0K)

[error occurred during error reporting (printing heap information), id 0xc0000005, EXCEPTION_ACCESS_VIOLATION (0xc0000005) at pc=0x00007ffe07bc1eed]

GC Heap History (0 events):
No events

Deoptimization events (0 events):
No events

Classes unloaded (0 events):
No events

Classes redefined (0 events):
No events

Internal exceptions (0 events):
No events

Events (1 events):
Event: 0.004 Loaded shared library C:\Users\UserW10\.p2\pool\plugins\org.eclipse.justj.openjdk.hotspot.jre.full.win32.x86_64_16.0.2.v20210721-1149\jre\bin\java.dll


Dynamic libraries:
0x00007ff6f4e70000 - 0x00007ff6f4e7e000 	C:\Users\UserW10\.p2\pool\plugins\org.eclipse.justj.openjdk.hotspot.jre.full.win32.x86_64_16.0.2.v20210721-1149\jre\bin\javaw.exe
0x00007ffe6cee0000 - 0x00007ffe6d0e7000 	C:\WINDOWS\SYSTEM32\ntdll.dll
0x00007ffe6b250000 - 0x00007ffe6b30d000 	C:\WINDOWS\System32\KERNEL32.DLL
0x00007ffe6a6a0000 - 0x00007ffe6aa14000 	C:\WINDOWS\System32\KERNELBASE.dll
0x00007ffe6a430000 - 0x00007ffe6a541000 	C:\WINDOWS\System32\ucrtbase.dll
0x00007ffe65e70000 - 0x00007ffe65e88000 	C:\Users\UserW10\.p2\pool\plugins\org.eclipse.justj.openjdk.hotspot.jre.full.win32.x86_64_16.0.2.v20210721-1149\jre\bin\jli.dll
0x00007ffe65e10000 - 0x00007ffe65e29000 	C:\Users\UserW10\.p2\pool\plugins\org.eclipse.justj.openjdk.hotspot.jre.full.win32.x86_64_16.0.2.v20210721-1149\jre\bin\VCRUNTIME140.dll
0x00007ffe6b3c0000 - 0x00007ffe6b56c000 	C:\WINDOWS\System32\USER32.dll
0x00007ffe5a3c0000 - 0x00007ffe5a665000 	C:\WINDOWS\WinSxS\amd64_microsoft.windows.common-controls_6595b64144ccf1df_6.0.22000.120_none_9d947278b86cc467\COMCTL32.dll
0x00007ffe6a670000 - 0x00007ffe6a696000 	C:\WINDOWS\System32\win32u.dll
0x00007ffe6b310000 - 0x00007ffe6b3b3000 	C:\WINDOWS\System32\msvcrt.dll
0x00007ffe6cbb0000 - 0x00007ffe6cbd9000 	C:\WINDOWS\System32\GDI32.dll
0x00007ffe6a550000 - 0x00007ffe6a662000 	C:\WINDOWS\System32\gdi32full.dll
0x00007ffe6aa20000 - 0x00007ffe6aabd000 	C:\WINDOWS\System32\msvcp_win.dll
0x00007ffe6bb00000 - 0x00007ffe6bb31000 	C:\WINDOWS\System32\IMM32.DLL
0x00007ffe65e60000 - 0x00007ffe65e6c000 	C:\Users\UserW10\.p2\pool\plugins\org.eclipse.justj.openjdk.hotspot.jre.full.win32.x86_64_16.0.2.v20210721-1149\jre\bin\vcruntime140_1.dll
0x00007ffe49e90000 - 0x00007ffe49f21000 	C:\Users\UserW10\.p2\pool\plugins\org.eclipse.justj.openjdk.hotspot.jre.full.win32.x86_64_16.0.2.v20210721-1149\jre\bin\msvcp140.dll
0x00007ffe07500000 - 0x00007ffe080ab000 	C:\Users\UserW10\.p2\pool\plugins\org.eclipse.justj.openjdk.hotspot.jre.full.win32.x86_64_16.0.2.v20210721-1149\jre\bin\server\jvm.dll
0x00007ffe6c820000 - 0x00007ffe6c8cc000 	C:\WINDOWS\System32\ADVAPI32.dll
0x00007ffe6cb10000 - 0x00007ffe6cbad000 	C:\WINDOWS\System32\sechost.dll
0x00007ffe6ccc0000 - 0x00007ffe6cde1000 	C:\WINDOWS\System32\RPCRT4.dll
0x00007ffe6ad70000 - 0x00007ffe6ad78000 	C:\WINDOWS\System32\PSAPI.DLL
0x00007ffe64a30000 - 0x00007ffe64a63000 	C:\WINDOWS\SYSTEM32\WINMM.dll
0x00007ffe65490000 - 0x00007ffe65499000 	C:\WINDOWS\SYSTEM32\WSOCK32.dll
0x00007ffe62190000 - 0x00007ffe6219a000 	C:\WINDOWS\SYSTEM32\VERSION.dll
0x00007ffe6bec0000 - 0x00007ffe6bf2f000 	C:\WINDOWS\System32\WS2_32.dll
0x00007ffe694e0000 - 0x00007ffe694f8000 	C:\WINDOWS\SYSTEM32\kernel.appcore.dll
0x00007ffe67a00000 - 0x00007ffe67a0a000 	C:\Users\UserW10\.p2\pool\plugins\org.eclipse.justj.openjdk.hotspot.jre.full.win32.x86_64_16.0.2.v20210721-1149\jre\bin\jimage.dll
0x00007ffe613f0000 - 0x00007ffe61611000 	C:\WINDOWS\SYSTEM32\DBGHELP.DLL
0x00007ffe4b5d0000 - 0x00007ffe4b601000 	C:\WINDOWS\SYSTEM32\dbgcore.DLL
0x00007ffe6aac0000 - 0x00007ffe6ab3f000 	C:\WINDOWS\System32\bcryptPrimitives.dll
0x00007ffe51720000 - 0x00007ffe51745000 	C:\Users\UserW10\.p2\pool\plugins\org.eclipse.justj.openjdk.hotspot.jre.full.win32.x86_64_16.0.2.v20210721-1149\jre\bin\java.dll

dbghelp: loaded successfully - version: 4.0.5 - missing functions: none
symbol engine: initialized successfully - sym options: 0x614 - pdb path: .;C:\Users\UserW10\.p2\pool\plugins\org.eclipse.justj.openjdk.hotspot.jre.full.win32.x86_64_16.0.2.v20210721-1149\jre\bin;C:\WINDOWS\SYSTEM32;C:\WINDOWS\WinSxS\amd64_microsoft.windows.common-controls_6595b64144ccf1df_6.0.22000.120_none_9d947278b86cc467;C:\Users\UserW10\.p2\pool\plugins\org.eclipse.justj.openjdk.hotspot.jre.full.win32.x86_64_16.0.2.v20210721-1149\jre\bin\server

VM Arguments:
jvm_args: -Dfile.encoding=Cp1252 -XX:+ShowCodeDetailsInExceptionMessages 
java_command: org.jgrapht.demo.RedBlackTreeExample
java_class_path (initial): C:\Users\UserW10\eclipse-workspace\SDA\bin
Launcher Type: SUN_STANDARD

[Global flags]
     intx CICompilerCount                          = 12                                        {product} {ergonomic}
     uint ConcGCThreads                            = 3                                         {product} {ergonomic}
     uint G1ConcRefinementThreads                  = 13                                        {product} {ergonomic}
   size_t G1HeapRegionSize                         = 1048576                                   {product} {ergonomic}
    uintx GCDrainStackTargetSize                   = 64                                        {product} {ergonomic}
   size_t InitialHeapSize                          = 125829120                                 {product} {ergonomic}
   size_t MarkStackSize                            = 4194304                                   {product} {ergonomic}
   size_t MaxHeapSize                              = 1992294400                                {product} {ergonomic}
   size_t MinHeapDeltaBytes                        = 1048576                                   {product} {ergonomic}
   size_t MinHeapSize                              = 8388608                                   {product} {ergonomic}
    uintx NonNMethodCodeHeapSize                   = 7602480                                {pd product} {ergonomic}
    uintx NonProfiledCodeHeapSize                  = 122027880                              {pd product} {ergonomic}
    uintx ProfiledCodeHeapSize                     = 122027880                              {pd product} {ergonomic}
    uintx ReservedCodeCacheSize                    = 251658240                              {pd product} {ergonomic}
     bool SegmentedCodeCache                       = true                                      {product} {ergonomic}
     bool ShowCodeDetailsInExceptionMessages       = true                                   {manageable} {command line}
   size_t SoftMaxHeapSize                          = 1992294400                             {manageable} {ergonomic}
     bool UseCompressedClassPointers               = true                           {product lp64_product} {ergonomic}
     bool UseCompressedOops                        = true                           {product lp64_product} {ergonomic}
     bool UseG1GC                                  = true                                      {product} {ergonomic}
     bool UseLargePagesIndividualAllocation        = false                                  {pd product} {ergonomic}

Logging:
Log output configuration:
 #0: stdout all=warning uptime,level,tags
 #1: stderr all=off uptime,level,tags

Environment Variables:
PATH=C:/Users/UserW10/.p2/pool/plugins/org.eclipse.justj.openjdk.hotspot.jre.full.win32.x86_64_16.0.2.v20210721-1149/jre/bin/server;C:/Users/UserW10/.p2/pool/plugins/org.eclipse.justj.openjdk.hotspot.jre.full.win32.x86_64_16.0.2.v20210721-1149/jre/bin;C:\Program Files\Common Files\Oracle\Java\javapath;C:\Program Files (x86)\Razer Chroma SDK\bin;C:\Program Files\Razer Chroma SDK\bin;C:\Program Files (x86)\Razer\ChromaBroadcast\bin;C:\Program Files\Razer\ChromaBroadcast\bin;C:\localsolver_9_5\bin;C:\Program Files\AdoptOpenJDK\jdk-15.0.0.36-hotspot\bin;C:\Windows\system32;C:\Windows;C:\Windows\System32\Wbem;C:\Windows\System32\WindowsPowerShell\v1.0\;C:\Windows\System32\OpenSSH\;C:\Program Files\NVIDIA Corporation\NVIDIA NvDLISR;C:\Program Files (x86)\NVIDIA Corporation\PhysX\Common;C:\Windows\system32\config\systemprofile\AppData\Local\Microsoft\WindowsApps;;C:\WINDOWS\system32;C:\WINDOWS;C:\WINDOWS\System32\Wbem;C:\WINDOWS\System32\WindowsPowerShell\v1.0\;C:\WINDOWS\System32\OpenSSH\;C:\Program Files\Microsoft SQL Server\150\Tools\Binn\;C:\Program Files\Microsoft SQL Server\Client SDK\ODBC\170\Tools\Binn\;C:\Program Files\dotnet\;C:\Program Files\MySQL\MySQL Shell 8.0\bin\;C:\Users\UserW10\AppData\Local\Microsoft\WindowsApps;C:\Users\UserW10\AppData\Local\Programs\Microsoft VS Code\bin;C:\Users\UserW10\AppData\Local\GitHubDesktop\bin;C:\Users\UserW10\.dotnet\tools;C:\Users\UserW10\Desktop;
USERNAME=UserW10
OS=Windows_NT
PROCESSOR_IDENTIFIER=AMD64 Family 23 Model 96 Stepping 1, AuthenticAMD



---------------  S Y S T E M  ---------------

OS:
 Windows 10 , 64 bit Build 22000 (10.0.22000.318)
OS uptime: 1 days 0:22 hours

CPU: total 16 (initial active 16) (16 cores per cpu, 2 threads per core) family 23 model 96 stepping 1 microcode 0x0, cx8, cmov, fxsr, ht, mmx, 3dnowpref, sse, sse2, sse3, ssse3, sse4a, sse4.1, sse4.2, popcnt, lzcnt, tsc, tscinvbit, avx, avx2, aes, clmul, bmi1, bmi2, adx, sha, fma, vzeroupper, clflush, clflushopt

Memory: 4k page, system-wide physical 7599M (306M free)
TotalPageFile size 31151M (AvailPageFile size 48M)
current process WorkingSet (physical memory assigned to process): 10M, peak: 10M
current process commit charge ("private bytes"): 70M, peak: 190M

vm_info: OpenJDK 64-Bit Server VM (16.0.2+7-67) for windows-amd64 JRE (16.0.2+7-67), built on Jun  8 2021 23:21:43 by "mach5one" with MS VC++ 16.7 (VS2019)

END.
